{"numFailedTestSuites":1,"numFailedTests":2,"numPassedTestSuites":7,"numPassedTests":141,"numPendingTestSuites":0,"numPendingTests":0,"numRuntimeErrorTestSuites":0,"numTodoTests":0,"numTotalTestSuites":8,"numTotalTests":143,"openHandles":[],"snapshot":{"added":0,"didUpdate":false,"failure":false,"filesAdded":0,"filesRemoved":0,"filesRemovedList":[],"filesUnmatched":0,"filesUpdated":0,"matched":0,"total":0,"unchecked":0,"uncheckedKeysByFile":[],"unmatched":0,"updated":0},"startTime":1771336568838,"success":false,"testResults":[{"assertionResults":[{"ancestorTitles":["embeddingService"],"duration":72,"failing":false,"failureDetails":[{"matcherResult":{"message":"\u001b[2mexpect(\u001b[22m\u001b[31mreceived\u001b[39m\u001b[2m).\u001b[22mtoBeCloseTo\u001b[2m(\u001b[22m\u001b[32mexpected\u001b[39m\u001b[2m)\u001b[22m\n\nExpected: \u001b[32m0.11\u001b[39m\nReceived: \u001b[31m0.1\u001b[39m\n\nExpected precision:    2\nExpected difference: < \u001b[32m0.005\u001b[39m\nReceived difference:   \u001b[31m0.009999999999999995\u001b[39m","pass":false}}],"failureMessages":["Error: \u001b[2mexpect(\u001b[22m\u001b[31mreceived\u001b[39m\u001b[2m).\u001b[22mtoBeCloseTo\u001b[2m(\u001b[22m\u001b[32mexpected\u001b[39m\u001b[2m)\u001b[22m\n\nExpected: \u001b[32m0.11\u001b[39m\nReceived: \u001b[31m0.1\u001b[39m\n\nExpected precision:    2\nExpected difference: < \u001b[32m0.005\u001b[39m\nReceived difference:   \u001b[31m0.009999999999999995\u001b[39m\n    at C:\\Users\\amity\\Desktop\\מכללה\\פרוייקטים - סמסטר ג\\web-final-project\\server\\src\\tests\\embeddingService.test.ts:26:20\n    at Runtime.isolateModulesAsync (C:\\Users\\amity\\Desktop\\מכללה\\פרוייקטים - סמסטר ג\\web-final-project\\server\\node_modules\\jest-runtime\\build\\index.js:1002:7)\n    at Object.<anonymous> (C:\\Users\\amity\\Desktop\\מכללה\\פרוייקטים - סמסטר ג\\web-final-project\\server\\src\\tests\\embeddingService.test.ts:5:5)"],"fullName":"embeddingService loads model and returns embedding","invocations":1,"location":null,"numPassingAsserts":2,"retryReasons":[],"startAt":1771336570083,"status":"failed","title":"loads model and returns embedding"},{"ancestorTitles":["embeddingService"],"duration":1,"failing":false,"failureDetails":[{"message":"\u001b[2mexpect(\u001b[22m\u001b[31mreceived\u001b[39m\u001b[2m).\u001b[22mrejects\u001b[2m.\u001b[22mtoThrow\u001b[2m()\u001b[22m\n\nReceived promise resolved instead of rejected\nResolved to value: \u001b[31m[0.1, 0.1]\u001b[39m"}],"failureMessages":["Error: \u001b[2mexpect(\u001b[22m\u001b[31mreceived\u001b[39m\u001b[2m).\u001b[22mrejects\u001b[2m.\u001b[22mtoThrow\u001b[2m()\u001b[22m\n\nReceived promise resolved instead of rejected\nResolved to value: \u001b[31m[0.1, 0.1]\u001b[39m\n    at expect (C:\\Users\\amity\\Desktop\\מכללה\\פרוייקטים - סמסטר ג\\web-final-project\\server\\node_modules\\expect\\build\\index.js:2116:15)\n    at C:\\Users\\amity\\Desktop\\מכללה\\פרוייקטים - סמסטר ג\\web-final-project\\server\\src\\tests\\embeddingService.test.ts:53:19\n    at Runtime.isolateModulesAsync (C:\\Users\\amity\\Desktop\\מכללה\\פרוייקטים - סמסטר ג\\web-final-project\\server\\node_modules\\jest-runtime\\build\\index.js:1002:7)\n    at Object.<anonymous> (C:\\Users\\amity\\Desktop\\מכללה\\פרוייקטים - סמסטר ג\\web-final-project\\server\\src\\tests\\embeddingService.test.ts:35:5)"],"fullName":"embeddingService throws when embedding dimension mismatches","invocations":1,"location":null,"numPassingAsserts":0,"retryReasons":[],"startAt":1771336570159,"status":"failed","title":"throws when embedding dimension mismatches"}],"endTime":1771336570173,"message":"\u001b[1m\u001b[31m  \u001b[1m● \u001b[22m\u001b[1membeddingService › loads model and returns embedding\u001b[39m\u001b[22m\n\n    \u001b[2mexpect(\u001b[22m\u001b[31mreceived\u001b[39m\u001b[2m).\u001b[22mtoBeCloseTo\u001b[2m(\u001b[22m\u001b[32mexpected\u001b[39m\u001b[2m)\u001b[22m\n\n    Expected: \u001b[32m0.11\u001b[39m\n    Received: \u001b[31m0.1\u001b[39m\n\n    Expected precision:    2\n    Expected difference: < \u001b[32m0.005\u001b[39m\n    Received difference:   \u001b[31m0.009999999999999995\u001b[39m\n\u001b[2m\u001b[22m\n\u001b[2m    \u001b[0m \u001b[90m 24 |\u001b[39m       expect(\u001b[33mArray\u001b[39m\u001b[33m.\u001b[39misArray(v))\u001b[33m.\u001b[39mtoBe(\u001b[36mtrue\u001b[39m)\u001b[33m;\u001b[39m\u001b[22m\n\u001b[2m     \u001b[90m 25 |\u001b[39m       expect(v)\u001b[33m.\u001b[39mtoHaveLength(\u001b[35m3\u001b[39m)\u001b[33m;\u001b[39m\u001b[22m\n\u001b[2m    \u001b[31m\u001b[1m>\u001b[22m\u001b[2m\u001b[39m\u001b[90m 26 |\u001b[39m       expect(v[\u001b[35m0\u001b[39m])\u001b[33m.\u001b[39mtoBeCloseTo(\u001b[35m0.11\u001b[39m)\u001b[33m;\u001b[39m\u001b[22m\n\u001b[2m     \u001b[90m    |\u001b[39m                    \u001b[31m\u001b[1m^\u001b[22m\u001b[2m\u001b[39m\u001b[22m\n\u001b[2m     \u001b[90m 27 |\u001b[39m\u001b[22m\n\u001b[2m     \u001b[90m 28 |\u001b[39m       \u001b[36mawait\u001b[39m expect(embeddingService\u001b[33m.\u001b[39membed(\u001b[32m'    '\u001b[39m))\u001b[33m.\u001b[39mrejects\u001b[33m.\u001b[39mtoThrow(\u001b[32m'Empty text cannot be embedded'\u001b[39m)\u001b[33m;\u001b[39m\u001b[22m\n\u001b[2m     \u001b[90m 29 |\u001b[39m\u001b[0m\u001b[22m\n\u001b[2m\u001b[22m\n\u001b[2m      \u001b[2mat \u001b[22m\u001b[2m\u001b[0m\u001b[36msrc/tests/embeddingService.test.ts\u001b[39m\u001b[0m\u001b[2m:26:20\u001b[22m\u001b[2m\u001b[22m\n\u001b[2m      \u001b[2mat Object.<anonymous> (\u001b[22m\u001b[2m\u001b[0m\u001b[36msrc/tests/embeddingService.test.ts\u001b[39m\u001b[0m\u001b[2m:5:5)\u001b[22m\u001b[2m\u001b[22m\n\n\u001b[1m\u001b[31m  \u001b[1m● \u001b[22m\u001b[1membeddingService › throws when embedding dimension mismatches\u001b[39m\u001b[22m\n\n    \u001b[2mexpect(\u001b[22m\u001b[31mreceived\u001b[39m\u001b[2m).\u001b[22mrejects\u001b[2m.\u001b[22mtoThrow\u001b[2m()\u001b[22m\n\n    Received promise resolved instead of rejected\n    Resolved to value: \u001b[31m[0.1, 0.1]\u001b[39m\n\u001b[2m\u001b[22m\n\u001b[2m    \u001b[0m \u001b[90m 51 |\u001b[39m       \u001b[36mawait\u001b[39m embeddingService\u001b[33m.\u001b[39mpreloadModel()\u001b[33m;\u001b[39m\u001b[22m\n\u001b[2m     \u001b[90m 52 |\u001b[39m\u001b[22m\n\u001b[2m    \u001b[31m\u001b[1m>\u001b[22m\u001b[2m\u001b[39m\u001b[90m 53 |\u001b[39m       \u001b[36mawait\u001b[39m expect(embeddingService\u001b[33m.\u001b[39membed(\u001b[32m'ok'\u001b[39m))\u001b[33m.\u001b[39mrejects\u001b[33m.\u001b[39mtoThrow(\u001b[32m'Expected 2 dimensions, got 3'\u001b[39m)\u001b[33m;\u001b[39m\u001b[22m\n\u001b[2m     \u001b[90m    |\u001b[39m                   \u001b[31m\u001b[1m^\u001b[22m\u001b[2m\u001b[39m\u001b[22m\n\u001b[2m     \u001b[90m 54 |\u001b[39m\u001b[22m\n\u001b[2m     \u001b[90m 55 |\u001b[39m       (globalThis \u001b[36mas\u001b[39m unknown \u001b[36mas\u001b[39m { \u001b[33mFunction\u001b[39m\u001b[33m:\u001b[39m \u001b[33mFunction\u001b[39m })\u001b[33m.\u001b[39m\u001b[33mFunction\u001b[39m \u001b[33m=\u001b[39m originalFunction2\u001b[33m;\u001b[39m\u001b[22m\n\u001b[2m     \u001b[90m 56 |\u001b[39m     })\u001b[33m;\u001b[39m\u001b[0m\u001b[22m\n\u001b[2m\u001b[22m\n\u001b[2m      \u001b[2mat expect (\u001b[22m\u001b[2mnode_modules/expect/build/index.js\u001b[2m:2116:15)\u001b[22m\u001b[2m\u001b[22m\n\u001b[2m      \u001b[2mat \u001b[22m\u001b[2m\u001b[0m\u001b[36msrc/tests/embeddingService.test.ts\u001b[39m\u001b[0m\u001b[2m:53:19\u001b[22m\u001b[2m\u001b[22m\n\u001b[2m      \u001b[2mat Object.<anonymous> (\u001b[22m\u001b[2m\u001b[0m\u001b[36msrc/tests/embeddingService.test.ts\u001b[39m\u001b[0m\u001b[2m:35:5)\u001b[22m\u001b[2m\u001b[22m\n","name":"C:\\Users\\amity\\Desktop\\מכללה\\פרוייקטים - סמסטר ג\\web-final-project\\server\\src\\tests\\embeddingService.test.ts","startTime":1771336569015,"status":"failed","summary":""},{"assertionResults":[{"ancestorTitles":["Auth API"],"duration":28,"failing":false,"failureDetails":[],"failureMessages":[],"fullName":"Auth API access restricted url denied","invocations":1,"location":null,"numPassingAsserts":1,"retryReasons":[],"startAt":1771336572929,"status":"passed","title":"access restricted url denied"},{"ancestorTitles":["Auth API"],"duration":113,"failing":false,"failureDetails":[],"failureMessages":[],"fullName":"Auth API test register","invocations":1,"location":null,"numPassingAsserts":6,"retryReasons":[],"startAt":1771336572958,"status":"passed","title":"test register"},{"ancestorTitles":["Auth API"],"duration":7,"failing":false,"failureDetails":[],"failureMessages":[],"fullName":"Auth API test register with existing email fails","invocations":1,"location":null,"numPassingAsserts":1,"retryReasons":[],"startAt":1771336573072,"status":"passed","title":"test register with existing email fails"},{"ancestorTitles":["Auth API"],"duration":24,"failing":false,"failureDetails":[],"failureMessages":[],"fullName":"Auth API test access with token permitted1","invocations":1,"location":null,"numPassingAsserts":2,"retryReasons":[],"startAt":1771336573080,"status":"passed","title":"test access with token permitted1"},{"ancestorTitles":["Auth API"],"duration":5,"failing":false,"failureDetails":[],"failureMessages":[],"fullName":"Auth API test access with modified token restricted","invocations":1,"location":null,"numPassingAsserts":2,"retryReasons":[],"startAt":1771336573104,"status":"passed","title":"test access with modified token restricted"},{"ancestorTitles":["Auth API"],"duration":85,"failing":false,"failureDetails":[],"failureMessages":[],"fullName":"Auth API test login","invocations":1,"location":null,"numPassingAsserts":4,"retryReasons":[],"startAt":1771336573110,"status":"passed","title":"test login"},{"ancestorTitles":["Auth API"],"duration":80,"failing":false,"failureDetails":[],"failureMessages":[],"fullName":"Auth API test login with wrong password fails","invocations":1,"location":null,"numPassingAsserts":1,"retryReasons":[],"startAt":1771336573196,"status":"passed","title":"test login with wrong password fails"},{"ancestorTitles":["Auth API"],"duration":7,"failing":false,"failureDetails":[],"failureMessages":[],"fullName":"Auth API test get me endpoint","invocations":1,"location":null,"numPassingAsserts":3,"retryReasons":[],"startAt":1771336573277,"status":"passed","title":"test get me endpoint"},{"ancestorTitles":["Auth API"],"duration":9,"failing":false,"failureDetails":[],"failureMessages":[],"fullName":"Auth API test access with token permitted2","invocations":1,"location":null,"numPassingAsserts":2,"retryReasons":[],"startAt":1771336573285,"status":"passed","title":"test access with token permitted2"},{"ancestorTitles":["Auth API"],"duration":6031,"failing":false,"failureDetails":[],"failureMessages":[],"fullName":"Auth API test token expiration","invocations":1,"location":null,"numPassingAsserts":7,"retryReasons":[],"startAt":1771336573296,"status":"passed","title":"test token expiration"},{"ancestorTitles":["Auth API"],"duration":13,"failing":false,"failureDetails":[],"failureMessages":[],"fullName":"Auth API test double use of refresh token","invocations":1,"location":null,"numPassingAsserts":7,"retryReasons":[],"startAt":1771336579328,"status":"passed","title":"test double use of refresh token"},{"ancestorTitles":["Auth API"],"duration":64,"failing":false,"failureDetails":[],"failureMessages":[],"fullName":"Auth API test logout","invocations":1,"location":null,"numPassingAsserts":3,"retryReasons":[],"startAt":1771336579342,"status":"passed","title":"test logout"},{"ancestorTitles":["Auth API"],"duration":2,"failing":false,"failureDetails":[],"failureMessages":[],"fullName":"Auth API test register without email","invocations":1,"location":null,"numPassingAsserts":2,"retryReasons":[],"startAt":1771336579407,"status":"passed","title":"test register without email"},{"ancestorTitles":["Auth API"],"duration":2,"failing":false,"failureDetails":[],"failureMessages":[],"fullName":"Auth API test register without password","invocations":1,"location":null,"numPassingAsserts":2,"retryReasons":[],"startAt":1771336579409,"status":"passed","title":"test register without password"},{"ancestorTitles":["Auth API"],"duration":2,"failing":false,"failureDetails":[],"failureMessages":[],"fullName":"Auth API test login without email","invocations":1,"location":null,"numPassingAsserts":2,"retryReasons":[],"startAt":1771336579411,"status":"passed","title":"test login without email"},{"ancestorTitles":["Auth API"],"duration":3,"failing":false,"failureDetails":[],"failureMessages":[],"fullName":"Auth API test login without password","invocations":1,"location":null,"numPassingAsserts":2,"retryReasons":[],"startAt":1771336579413,"status":"passed","title":"test login without password"},{"ancestorTitles":["Auth API"],"duration":3,"failing":false,"failureDetails":[],"failureMessages":[],"fullName":"Auth API test login with non-existent user","invocations":1,"location":null,"numPassingAsserts":2,"retryReasons":[],"startAt":1771336579416,"status":"passed","title":"test login with non-existent user"},{"ancestorTitles":["Auth API"],"duration":2,"failing":false,"failureDetails":[],"failureMessages":[],"fullName":"Auth API test refresh token without token","invocations":1,"location":null,"numPassingAsserts":2,"retryReasons":[],"startAt":1771336579419,"status":"passed","title":"test refresh token without token"},{"ancestorTitles":["Auth API"],"duration":2,"failing":false,"failureDetails":[],"failureMessages":[],"fullName":"Auth API test refresh token with invalid token","invocations":1,"location":null,"numPassingAsserts":2,"retryReasons":[],"startAt":1771336579422,"status":"passed","title":"test refresh token with invalid token"},{"ancestorTitles":["Auth API"],"duration":2,"failing":false,"failureDetails":[],"failureMessages":[],"fullName":"Auth API test logout without authentication","invocations":1,"location":null,"numPassingAsserts":2,"retryReasons":[],"startAt":1771336579424,"status":"passed","title":"test logout without authentication"},{"ancestorTitles":["Auth API"],"duration":59,"failing":false,"failureDetails":[],"failureMessages":[],"fullName":"Auth API test logout all devices (no refresh token provided)","invocations":1,"location":null,"numPassingAsserts":2,"retryReasons":[],"startAt":1771336579426,"status":"passed","title":"test logout all devices (no refresh token provided)"},{"ancestorTitles":["Auth API"],"duration":2,"failing":false,"failureDetails":[],"failureMessages":[],"fullName":"Auth API test get me without authentication","invocations":1,"location":null,"numPassingAsserts":2,"retryReasons":[],"startAt":1771336579485,"status":"passed","title":"test get me without authentication"},{"ancestorTitles":["Auth API"],"duration":2,"failing":false,"failureDetails":[],"failureMessages":[],"fullName":"Auth API test google login without credential","invocations":1,"location":null,"numPassingAsserts":2,"retryReasons":[],"startAt":1771336579487,"status":"passed","title":"test google login without credential"},{"ancestorTitles":["Auth API"],"duration":8,"failing":false,"failureDetails":[],"failureMessages":[],"fullName":"Auth API test google login with valid credential - new user","invocations":1,"location":null,"numPassingAsserts":5,"retryReasons":[],"startAt":1771336579490,"status":"passed","title":"test google login with valid credential - new user"},{"ancestorTitles":["Auth API"],"duration":7,"failing":false,"failureDetails":[],"failureMessages":[],"fullName":"Auth API test google login with valid credential - existing user by email","invocations":1,"location":null,"numPassingAsserts":3,"retryReasons":[],"startAt":1771336579498,"status":"passed","title":"test google login with valid credential - existing user by email"},{"ancestorTitles":["Auth API"],"duration":2,"failing":false,"failureDetails":[],"failureMessages":[],"fullName":"Auth API test google login with invalid credential - no email","invocations":1,"location":null,"numPassingAsserts":2,"retryReasons":[],"startAt":1771336579506,"status":"passed","title":"test google login with invalid credential - no email"},{"ancestorTitles":["Auth API"],"duration":9,"failing":false,"failureDetails":[],"failureMessages":[],"fullName":"Auth API test google login with existing user who has profile data","invocations":1,"location":null,"numPassingAsserts":3,"retryReasons":[],"startAt":1771336579508,"status":"passed","title":"test google login with existing user who has profile data"},{"ancestorTitles":["Auth API"],"duration":6,"failing":false,"failureDetails":[],"failureMessages":[],"fullName":"Auth API test login with google-only user fails","invocations":1,"location":null,"numPassingAsserts":2,"retryReasons":[],"startAt":1771336579517,"status":"passed","title":"test login with google-only user fails"},{"ancestorTitles":["Auth API"],"duration":64,"failing":false,"failureDetails":[],"failureMessages":[],"fullName":"Auth API test register with default name from email","invocations":1,"location":null,"numPassingAsserts":2,"retryReasons":[],"startAt":1771336579523,"status":"passed","title":"test register with default name from email"},{"ancestorTitles":["Auth API"],"duration":3,"failing":false,"failureDetails":[],"failureMessages":[],"fullName":"Auth API test authorization header without Bearer prefix","invocations":1,"location":null,"numPassingAsserts":2,"retryReasons":[],"startAt":1771336579588,"status":"passed","title":"test authorization header without Bearer prefix"},{"ancestorTitles":["Auth API"],"duration":56,"failing":false,"failureDetails":[],"failureMessages":[],"fullName":"Auth API test register database error","invocations":1,"location":null,"numPassingAsserts":2,"retryReasons":[],"startAt":1771336579591,"status":"passed","title":"test register database error"},{"ancestorTitles":["Auth API"],"duration":3,"failing":false,"failureDetails":[],"failureMessages":[],"fullName":"Auth API test login database error","invocations":1,"location":null,"numPassingAsserts":2,"retryReasons":[],"startAt":1771336579648,"status":"passed","title":"test login database error"},{"ancestorTitles":["Auth API"],"duration":3,"failing":false,"failureDetails":[],"failureMessages":[],"fullName":"Auth API test google login database error","invocations":1,"location":null,"numPassingAsserts":2,"retryReasons":[],"startAt":1771336579651,"status":"passed","title":"test google login database error"},{"ancestorTitles":["Auth API"],"duration":4,"failing":false,"failureDetails":[],"failureMessages":[],"fullName":"Auth API test refresh token user not found after decode","invocations":1,"location":null,"numPassingAsserts":2,"retryReasons":[],"startAt":1771336579654,"status":"passed","title":"test refresh token user not found after decode"},{"ancestorTitles":["Auth API"],"duration":58,"failing":false,"failureDetails":[],"failureMessages":[],"fullName":"Auth API test logout database error","invocations":1,"location":null,"numPassingAsserts":2,"retryReasons":[],"startAt":1771336579658,"status":"passed","title":"test logout database error"},{"ancestorTitles":["Auth API"],"duration":3,"failing":false,"failureDetails":[],"failureMessages":[],"fullName":"Auth API test logout user not found","invocations":1,"location":null,"numPassingAsserts":2,"retryReasons":[],"startAt":1771336579717,"status":"passed","title":"test logout user not found"},{"ancestorTitles":["Auth API"],"duration":66,"failing":false,"failureDetails":[],"failureMessages":[],"fullName":"Auth API test get me database error","invocations":1,"location":null,"numPassingAsserts":2,"retryReasons":[],"startAt":1771336579721,"status":"passed","title":"test get me database error"},{"ancestorTitles":["Auth API"],"duration":3,"failing":false,"failureDetails":[],"failureMessages":[],"fullName":"Auth API test get me user not found","invocations":1,"location":null,"numPassingAsserts":2,"retryReasons":[],"startAt":1771336579788,"status":"passed","title":"test get me user not found"},{"ancestorTitles":["Auth Controller Direct Tests"],"duration":1,"failing":false,"failureDetails":[],"failureMessages":[],"fullName":"Auth Controller Direct Tests logout without userId returns 401","invocations":1,"location":null,"numPassingAsserts":2,"retryReasons":[],"startAt":1771336579792,"status":"passed","title":"logout without userId returns 401"},{"ancestorTitles":["Auth Controller Direct Tests"],"duration":1,"failing":false,"failureDetails":[],"failureMessages":[],"fullName":"Auth Controller Direct Tests getMe without userId returns 401","invocations":1,"location":null,"numPassingAsserts":2,"retryReasons":[],"startAt":1771336579793,"status":"passed","title":"getMe without userId returns 401"}],"endTime":1771336579817,"message":"","name":"C:\\Users\\amity\\Desktop\\מכללה\\פרוייקטים - סמסטר ג\\web-final-project\\server\\src\\tests\\auth.test.ts","startTime":1771336570184,"status":"passed","summary":""},{"assertionResults":[{"ancestorTitles":["Posts API","POST /post"],"duration":9,"failing":false,"failureDetails":[],"failureMessages":[],"fullName":"Posts API POST /post should create a new post","invocations":1,"location":null,"numPassingAsserts":6,"retryReasons":[],"startAt":1771336580965,"status":"passed","title":"should create a new post"},{"ancestorTitles":["Posts API","POST /post"],"duration":2,"failing":false,"failureDetails":[],"failureMessages":[],"fullName":"Posts API POST /post should fail without authentication","invocations":1,"location":null,"numPassingAsserts":1,"retryReasons":[],"startAt":1771336580975,"status":"passed","title":"should fail without authentication"},{"ancestorTitles":["Posts API","POST /post"],"duration":2,"failing":false,"failureDetails":[],"failureMessages":[],"fullName":"Posts API POST /post should fail without content","invocations":1,"location":null,"numPassingAsserts":1,"retryReasons":[],"startAt":1771336580977,"status":"passed","title":"should fail without content"},{"ancestorTitles":["Posts API","GET /post"],"duration":6,"failing":false,"failureDetails":[],"failureMessages":[],"fullName":"Posts API GET /post should get all posts with pagination","invocations":1,"location":null,"numPassingAsserts":6,"retryReasons":[],"startAt":1771336580980,"status":"passed","title":"should get all posts with pagination"},{"ancestorTitles":["Posts API","GET /post"],"duration":4,"failing":false,"failureDetails":[],"failureMessages":[],"fullName":"Posts API GET /post should get posts with like status when authenticated","invocations":1,"location":null,"numPassingAsserts":2,"retryReasons":[],"startAt":1771336580986,"status":"passed","title":"should get posts with like status when authenticated"},{"ancestorTitles":["Posts API","GET /post/:id"],"duration":4,"failing":false,"failureDetails":[],"failureMessages":[],"fullName":"Posts API GET /post/:id should get a single post by ID","invocations":1,"location":null,"numPassingAsserts":3,"retryReasons":[],"startAt":1771336580991,"status":"passed","title":"should get a single post by ID"},{"ancestorTitles":["Posts API","GET /post/:id"],"duration":2,"failing":false,"failureDetails":[],"failureMessages":[],"fullName":"Posts API GET /post/:id should return 404 for non-existent post","invocations":1,"location":null,"numPassingAsserts":1,"retryReasons":[],"startAt":1771336580995,"status":"passed","title":"should return 404 for non-existent post"},{"ancestorTitles":["Posts API","PUT /post/:id"],"duration":8,"failing":false,"failureDetails":[],"failureMessages":[],"fullName":"Posts API PUT /post/:id should update own post","invocations":1,"location":null,"numPassingAsserts":2,"retryReasons":[],"startAt":1771336580998,"status":"passed","title":"should update own post"},{"ancestorTitles":["Posts API","PUT /post/:id"],"duration":2,"failing":false,"failureDetails":[],"failureMessages":[],"fullName":"Posts API PUT /post/:id should fail to update without authentication","invocations":1,"location":null,"numPassingAsserts":1,"retryReasons":[],"startAt":1771336581007,"status":"passed","title":"should fail to update without authentication"},{"ancestorTitles":["Posts API","POST /post/:id/like"],"duration":5,"failing":false,"failureDetails":[],"failureMessages":[],"fullName":"Posts API POST /post/:id/like should like a post","invocations":1,"location":null,"numPassingAsserts":3,"retryReasons":[],"startAt":1771336581009,"status":"passed","title":"should like a post"},{"ancestorTitles":["Posts API","POST /post/:id/like"],"duration":6,"failing":false,"failureDetails":[],"failureMessages":[],"fullName":"Posts API POST /post/:id/like should unlike a post when liked again","invocations":1,"location":null,"numPassingAsserts":3,"retryReasons":[],"startAt":1771336581014,"status":"passed","title":"should unlike a post when liked again"},{"ancestorTitles":["Posts API","POST /post/:id/like"],"duration":2,"failing":false,"failureDetails":[],"failureMessages":[],"fullName":"Posts API POST /post/:id/like should fail without authentication","invocations":1,"location":null,"numPassingAsserts":1,"retryReasons":[],"startAt":1771336581020,"status":"passed","title":"should fail without authentication"},{"ancestorTitles":["Posts API","GET /post/user/:userId"],"duration":5,"failing":false,"failureDetails":[],"failureMessages":[],"fullName":"Posts API GET /post/user/:userId should get posts by user","invocations":1,"location":null,"numPassingAsserts":4,"retryReasons":[],"startAt":1771336581022,"status":"passed","title":"should get posts by user"},{"ancestorTitles":["Posts API","DELETE /post/:id"],"duration":5,"failing":false,"failureDetails":[],"failureMessages":[],"fullName":"Posts API DELETE /post/:id should delete own post","invocations":1,"location":null,"numPassingAsserts":2,"retryReasons":[],"startAt":1771336581027,"status":"passed","title":"should delete own post"},{"ancestorTitles":["Posts API","DELETE /post/:id"],"duration":3,"failing":false,"failureDetails":[],"failureMessages":[],"fullName":"Posts API DELETE /post/:id should fail to delete non-existent post","invocations":1,"location":null,"numPassingAsserts":1,"retryReasons":[],"startAt":1771336581033,"status":"passed","title":"should fail to delete non-existent post"},{"ancestorTitles":["Posts API","DELETE /post/:id"],"duration":8,"failing":false,"failureDetails":[],"failureMessages":[],"fullName":"Posts API DELETE /post/:id should fail to delete without authentication","invocations":1,"location":null,"numPassingAsserts":1,"retryReasons":[],"startAt":1771336581036,"status":"passed","title":"should fail to delete without authentication"},{"ancestorTitles":["Posts API","DELETE /post/:id"],"duration":65,"failing":false,"failureDetails":[],"failureMessages":[],"fullName":"Posts API DELETE /post/:id should fail to delete another user's post","invocations":1,"location":null,"numPassingAsserts":2,"retryReasons":[],"startAt":1771336581044,"status":"passed","title":"should fail to delete another user's post"},{"ancestorTitles":["Posts API","Additional edge cases"],"duration":4,"failing":false,"failureDetails":[],"failureMessages":[],"fullName":"Posts API Additional edge cases should get posts filtered by owner","invocations":1,"location":null,"numPassingAsserts":2,"retryReasons":[],"startAt":1771336581109,"status":"passed","title":"should get posts filtered by owner"},{"ancestorTitles":["Posts API","Additional edge cases"],"duration":2,"failing":false,"failureDetails":[],"failureMessages":[],"fullName":"Posts API Additional edge cases should fail to create post with empty content","invocations":1,"location":null,"numPassingAsserts":1,"retryReasons":[],"startAt":1771336581113,"status":"passed","title":"should fail to create post with empty content"},{"ancestorTitles":["Posts API","Additional edge cases"],"duration":6,"failing":false,"failureDetails":[],"failureMessages":[],"fullName":"Posts API Additional edge cases should fail to update non-existent post","invocations":1,"location":null,"numPassingAsserts":1,"retryReasons":[],"startAt":1771336581115,"status":"passed","title":"should fail to update non-existent post"},{"ancestorTitles":["Posts API","Additional edge cases"],"duration":69,"failing":false,"failureDetails":[],"failureMessages":[],"fullName":"Posts API Additional edge cases should fail to update another user's post","invocations":1,"location":null,"numPassingAsserts":2,"retryReasons":[],"startAt":1771336581122,"status":"passed","title":"should fail to update another user's post"},{"ancestorTitles":["Posts API","Additional edge cases"],"duration":4,"failing":false,"failureDetails":[],"failureMessages":[],"fullName":"Posts API Additional edge cases should respect max limit of 50 for pagination","invocations":1,"location":null,"numPassingAsserts":2,"retryReasons":[],"startAt":1771336581191,"status":"passed","title":"should respect max limit of 50 for pagination"},{"ancestorTitles":["Posts API","Additional edge cases"],"duration":3,"failing":false,"failureDetails":[],"failureMessages":[],"fullName":"Posts API Additional edge cases should fail to like non-existent post","invocations":1,"location":null,"numPassingAsserts":1,"retryReasons":[],"startAt":1771336581195,"status":"passed","title":"should fail to like non-existent post"},{"ancestorTitles":["Posts API","Additional edge cases"],"duration":34,"failing":false,"failureDetails":[],"failureMessages":[],"fullName":"Posts API Additional edge cases should get post by invalid ID format","invocations":1,"location":null,"numPassingAsserts":1,"retryReasons":[],"startAt":1771336581199,"status":"passed","title":"should get post by invalid ID format"},{"ancestorTitles":["Posts API","Additional edge cases"],"duration":4,"failing":false,"failureDetails":[],"failureMessages":[],"fullName":"Posts API Additional edge cases should get user posts with pagination","invocations":1,"location":null,"numPassingAsserts":5,"retryReasons":[],"startAt":1771336581233,"status":"passed","title":"should get user posts with pagination"},{"ancestorTitles":["Posts API","Additional edge cases"],"duration":14,"failing":false,"failureDetails":[],"failureMessages":[],"fullName":"Posts API Additional edge cases should include like status in posts when authenticated","invocations":1,"location":null,"numPassingAsserts":2,"retryReasons":[],"startAt":1771336581238,"status":"passed","title":"should include like status in posts when authenticated"},{"ancestorTitles":["Posts API","Additional edge cases"],"duration":7,"failing":false,"failureDetails":[],"failureMessages":[],"fullName":"Posts API Additional edge cases should handle multiple page requests correctly","invocations":1,"location":null,"numPassingAsserts":4,"retryReasons":[],"startAt":1771336581252,"status":"passed","title":"should handle multiple page requests correctly"},{"ancestorTitles":["Posts API","Additional edge cases"],"duration":12,"failing":false,"failureDetails":[],"failureMessages":[],"fullName":"Posts API Additional edge cases should update post image only","invocations":1,"location":null,"numPassingAsserts":3,"retryReasons":[],"startAt":1771336581260,"status":"passed","title":"should update post image only"},{"ancestorTitles":["Posts API","Additional edge cases"],"duration":2,"failing":false,"failureDetails":[],"failureMessages":[],"fullName":"Posts API Additional edge cases should test isLikedBy method directly","invocations":1,"location":null,"numPassingAsserts":2,"retryReasons":[],"startAt":1771336581273,"status":"passed","title":"should test isLikedBy method directly"},{"ancestorTitles":["Posts API","Additional edge cases"],"duration":7,"failing":false,"failureDetails":[],"failureMessages":[],"fullName":"Posts API Additional edge cases should handle database error in getPosts","invocations":1,"location":null,"numPassingAsserts":2,"retryReasons":[],"startAt":1771336581275,"status":"passed","title":"should handle database error in getPosts"},{"ancestorTitles":["Posts API","Additional edge cases"],"duration":4,"failing":false,"failureDetails":[],"failureMessages":[],"fullName":"Posts API Additional edge cases should handle database error in createPost","invocations":1,"location":null,"numPassingAsserts":2,"retryReasons":[],"startAt":1771336581283,"status":"passed","title":"should handle database error in createPost"},{"ancestorTitles":["Posts API","Additional edge cases"],"duration":2,"failing":false,"failureDetails":[],"failureMessages":[],"fullName":"Posts API Additional edge cases should handle database error in updatePost","invocations":1,"location":null,"numPassingAsserts":2,"retryReasons":[],"startAt":1771336581287,"status":"passed","title":"should handle database error in updatePost"},{"ancestorTitles":["Posts API","Additional edge cases"],"duration":2,"failing":false,"failureDetails":[],"failureMessages":[],"fullName":"Posts API Additional edge cases should handle database error in deletePost","invocations":1,"location":null,"numPassingAsserts":2,"retryReasons":[],"startAt":1771336581290,"status":"passed","title":"should handle database error in deletePost"},{"ancestorTitles":["Posts API","Additional edge cases"],"duration":3,"failing":false,"failureDetails":[],"failureMessages":[],"fullName":"Posts API Additional edge cases should handle database error in toggleLike","invocations":1,"location":null,"numPassingAsserts":2,"retryReasons":[],"startAt":1771336581292,"status":"passed","title":"should handle database error in toggleLike"},{"ancestorTitles":["Posts API","Additional edge cases"],"duration":3,"failing":false,"failureDetails":[],"failureMessages":[],"fullName":"Posts API Additional edge cases should handle database error in getUserPosts","invocations":1,"location":null,"numPassingAsserts":2,"retryReasons":[],"startAt":1771336581295,"status":"passed","title":"should handle database error in getUserPosts"},{"ancestorTitles":["Post Controller Direct Tests"],"duration":0,"failing":false,"failureDetails":[],"failureMessages":[],"fullName":"Post Controller Direct Tests createPost without userId returns 401","invocations":1,"location":null,"numPassingAsserts":2,"retryReasons":[],"startAt":1771336581298,"status":"passed","title":"createPost without userId returns 401"},{"ancestorTitles":["Post Controller Direct Tests"],"duration":1,"failing":false,"failureDetails":[],"failureMessages":[],"fullName":"Post Controller Direct Tests updatePost without userId returns 401","invocations":1,"location":null,"numPassingAsserts":2,"retryReasons":[],"startAt":1771336581298,"status":"passed","title":"updatePost without userId returns 401"},{"ancestorTitles":["Post Controller Direct Tests"],"duration":0,"failing":false,"failureDetails":[],"failureMessages":[],"fullName":"Post Controller Direct Tests deletePost without userId returns 401","invocations":1,"location":null,"numPassingAsserts":2,"retryReasons":[],"startAt":1771336581299,"status":"passed","title":"deletePost without userId returns 401"},{"ancestorTitles":["Post Controller Direct Tests"],"duration":1,"failing":false,"failureDetails":[],"failureMessages":[],"fullName":"Post Controller Direct Tests toggleLike without userId returns 401","invocations":1,"location":null,"numPassingAsserts":2,"retryReasons":[],"startAt":1771336581299,"status":"passed","title":"toggleLike without userId returns 401"}],"endTime":1771336581328,"message":"","name":"C:\\Users\\amity\\Desktop\\מכללה\\פרוייקטים - סמסטר ג\\web-final-project\\server\\src\\tests\\posts.test.ts","startTime":1771336579833,"status":"passed","summary":""},{"assertionResults":[{"ancestorTitles":["User Profile API","GET /user/me"],"duration":7,"failing":false,"failureDetails":[],"failureMessages":[],"fullName":"User Profile API GET /user/me should get current user profile","invocations":1,"location":null,"numPassingAsserts":7,"retryReasons":[],"startAt":1771336582352,"status":"passed","title":"should get current user profile"},{"ancestorTitles":["User Profile API","GET /user/me"],"duration":2,"failing":false,"failureDetails":[],"failureMessages":[],"fullName":"User Profile API GET /user/me should fail without authentication","invocations":1,"location":null,"numPassingAsserts":1,"retryReasons":[],"startAt":1771336582359,"status":"passed","title":"should fail without authentication"},{"ancestorTitles":["User Profile API","GET /user/:userId"],"duration":4,"failing":false,"failureDetails":[],"failureMessages":[],"fullName":"User Profile API GET /user/:userId should get user profile by ID","invocations":1,"location":null,"numPassingAsserts":4,"retryReasons":[],"startAt":1771336582362,"status":"passed","title":"should get user profile by ID"},{"ancestorTitles":["User Profile API","GET /user/:userId"],"duration":4,"failing":false,"failureDetails":[],"failureMessages":[],"fullName":"User Profile API GET /user/:userId should return 404 for non-existent user","invocations":1,"location":null,"numPassingAsserts":1,"retryReasons":[],"startAt":1771336582366,"status":"passed","title":"should return 404 for non-existent user"},{"ancestorTitles":["User Profile API","PUT /user/:userId"],"duration":5,"failing":false,"failureDetails":[],"failureMessages":[],"fullName":"User Profile API PUT /user/:userId should update own profile","invocations":1,"location":null,"numPassingAsserts":3,"retryReasons":[],"startAt":1771336582370,"status":"passed","title":"should update own profile"},{"ancestorTitles":["User Profile API","PUT /user/:userId"],"duration":2,"failing":false,"failureDetails":[],"failureMessages":[],"fullName":"User Profile API PUT /user/:userId should fail without authentication","invocations":1,"location":null,"numPassingAsserts":1,"retryReasons":[],"startAt":1771336582376,"status":"passed","title":"should fail without authentication"},{"ancestorTitles":["User Profile API","PUT /user/:userId"],"duration":66,"failing":false,"failureDetails":[],"failureMessages":[],"fullName":"User Profile API PUT /user/:userId should fail to update another user's profile","invocations":1,"location":null,"numPassingAsserts":1,"retryReasons":[],"startAt":1771336582378,"status":"passed","title":"should fail to update another user's profile"},{"ancestorTitles":["User Profile API","PUT /user/:userId"],"duration":4,"failing":false,"failureDetails":[],"failureMessages":[],"fullName":"User Profile API PUT /user/:userId should only update name and profileImage","invocations":1,"location":null,"numPassingAsserts":3,"retryReasons":[],"startAt":1771336582445,"status":"passed","title":"should only update name and profileImage"},{"ancestorTitles":["User Profile API","PUT /user/:userId"],"duration":3,"failing":false,"failureDetails":[],"failureMessages":[],"fullName":"User Profile API PUT /user/:userId should fail to update non-existent user","invocations":1,"location":null,"numPassingAsserts":1,"retryReasons":[],"startAt":1771336582449,"status":"passed","title":"should fail to update non-existent user"},{"ancestorTitles":["User Profile API","PUT /user/:userId"],"duration":4,"failing":false,"failureDetails":[],"failureMessages":[],"fullName":"User Profile API PUT /user/:userId should trim whitespace from name","invocations":1,"location":null,"numPassingAsserts":2,"retryReasons":[],"startAt":1771336582452,"status":"passed","title":"should trim whitespace from name"},{"ancestorTitles":["User Profile API","Additional edge cases"],"duration":36,"failing":false,"failureDetails":[],"failureMessages":[],"fullName":"User Profile API Additional edge cases should get profile with invalid ID format","invocations":1,"location":null,"numPassingAsserts":1,"retryReasons":[],"startAt":1771336582457,"status":"passed","title":"should get profile with invalid ID format"},{"ancestorTitles":["User Profile API","Additional edge cases"],"duration":69,"failing":false,"failureDetails":[],"failureMessages":[],"fullName":"User Profile API Additional edge cases should handle get my profile when user doesn't exist","invocations":1,"location":null,"numPassingAsserts":1,"retryReasons":[],"startAt":1771336582493,"status":"passed","title":"should handle get my profile when user doesn't exist"},{"ancestorTitles":["User Profile API","Additional edge cases"],"duration":4,"failing":false,"failureDetails":[],"failureMessages":[],"fullName":"User Profile API Additional edge cases should update profile image only","invocations":1,"location":null,"numPassingAsserts":2,"retryReasons":[],"startAt":1771336582562,"status":"passed","title":"should update profile image only"},{"ancestorTitles":["User Profile API","Additional edge cases"],"duration":4,"failing":false,"failureDetails":[],"failureMessages":[],"fullName":"User Profile API Additional edge cases should update name only","invocations":1,"location":null,"numPassingAsserts":2,"retryReasons":[],"startAt":1771336582566,"status":"passed","title":"should update name only"},{"ancestorTitles":["User Profile API","Additional edge cases"],"duration":69,"failing":false,"failureDetails":[],"failureMessages":[],"fullName":"User Profile API Additional edge cases should handle update profile when user was deleted","invocations":1,"location":null,"numPassingAsserts":1,"retryReasons":[],"startAt":1771336582571,"status":"passed","title":"should handle update profile when user was deleted"},{"ancestorTitles":["User Profile API","Additional edge cases"],"duration":5,"failing":false,"failureDetails":[],"failureMessages":[],"fullName":"User Profile API Additional edge cases should return user profile without sensitive fields","invocations":1,"location":null,"numPassingAsserts":3,"retryReasons":[],"startAt":1771336582640,"status":"passed","title":"should return user profile without sensitive fields"},{"ancestorTitles":["User Profile API","Additional edge cases"],"duration":5,"failing":false,"failureDetails":[],"failureMessages":[],"fullName":"User Profile API Additional edge cases should get my profile without sensitive fields","invocations":1,"location":null,"numPassingAsserts":3,"retryReasons":[],"startAt":1771336582645,"status":"passed","title":"should get my profile without sensitive fields"},{"ancestorTitles":["User Profile API","Additional edge cases"],"duration":6,"failing":false,"failureDetails":[],"failureMessages":[],"fullName":"User Profile API Additional edge cases should handle database error in getProfile","invocations":1,"location":null,"numPassingAsserts":2,"retryReasons":[],"startAt":1771336582651,"status":"passed","title":"should handle database error in getProfile"},{"ancestorTitles":["User Profile API","Additional edge cases"],"duration":4,"failing":false,"failureDetails":[],"failureMessages":[],"fullName":"User Profile API Additional edge cases should handle database error in updateProfile","invocations":1,"location":null,"numPassingAsserts":2,"retryReasons":[],"startAt":1771336582657,"status":"passed","title":"should handle database error in updateProfile"},{"ancestorTitles":["User Profile API","Additional edge cases"],"duration":14,"failing":false,"failureDetails":[],"failureMessages":[],"fullName":"User Profile API Additional edge cases should handle database error in getMyProfile","invocations":1,"location":null,"numPassingAsserts":2,"retryReasons":[],"startAt":1771336582661,"status":"passed","title":"should handle database error in getMyProfile"},{"ancestorTitles":["User Controller Direct Tests"],"duration":0,"failing":false,"failureDetails":[],"failureMessages":[],"fullName":"User Controller Direct Tests updateProfile without userId returns 401","invocations":1,"location":null,"numPassingAsserts":2,"retryReasons":[],"startAt":1771336582676,"status":"passed","title":"updateProfile without userId returns 401"},{"ancestorTitles":["User Controller Direct Tests"],"duration":0,"failing":false,"failureDetails":[],"failureMessages":[],"fullName":"User Controller Direct Tests getMyProfile without userId returns 401","invocations":1,"location":null,"numPassingAsserts":2,"retryReasons":[],"startAt":1771336582677,"status":"passed","title":"getMyProfile without userId returns 401"}],"endTime":1771336582699,"message":"","name":"C:\\Users\\amity\\Desktop\\מכללה\\פרוייקטים - סמסטר ג\\web-final-project\\server\\src\\tests\\users.test.ts","startTime":1771336581347,"status":"passed","summary":""},{"assertionResults":[{"ancestorTitles":["testUtils helper functions","registerTestUser"],"duration":105,"failing":false,"failureDetails":[],"failureMessages":[],"fullName":"testUtils helper functions registerTestUser should register user with default userData","invocations":1,"location":null,"numPassingAsserts":4,"retryReasons":[],"startAt":1771336583844,"status":"passed","title":"should register user with default userData"},{"ancestorTitles":["testUtils helper functions","registerTestUser"],"duration":85,"failing":false,"failureDetails":[],"failureMessages":[],"fullName":"testUtils helper functions registerTestUser should register user with custom userData","invocations":1,"location":null,"numPassingAsserts":3,"retryReasons":[],"startAt":1771336583950,"status":"passed","title":"should register user with custom userData"},{"ancestorTitles":["testUtils helper functions","loginTestUser"],"duration":81,"failing":false,"failureDetails":[],"failureMessages":[],"fullName":"testUtils helper functions loginTestUser should login user with default userData","invocations":1,"location":null,"numPassingAsserts":3,"retryReasons":[],"startAt":1771336584036,"status":"passed","title":"should login user with default userData"},{"ancestorTitles":["testUtils helper functions","loginTestUser"],"duration":77,"failing":false,"failureDetails":[],"failureMessages":[],"fullName":"testUtils helper functions loginTestUser should login user with custom userData","invocations":1,"location":null,"numPassingAsserts":2,"retryReasons":[],"startAt":1771336584118,"status":"passed","title":"should login user with custom userData"},{"ancestorTitles":["testUtils helper functions","createTestPost"],"duration":13,"failing":false,"failureDetails":[],"failureMessages":[],"fullName":"testUtils helper functions createTestPost should create post with default singlePostData","invocations":1,"location":null,"numPassingAsserts":3,"retryReasons":[],"startAt":1771336584270,"status":"passed","title":"should create post with default singlePostData"},{"ancestorTitles":["testUtils helper functions","createTestPost"],"duration":9,"failing":false,"failureDetails":[],"failureMessages":[],"fullName":"testUtils helper functions createTestPost should create post with custom postData","invocations":1,"location":null,"numPassingAsserts":3,"retryReasons":[],"startAt":1771336584283,"status":"passed","title":"should create post with custom postData"},{"ancestorTitles":["testUtils helper functions","exported data constants"],"duration":0,"failing":false,"failureDetails":[],"failureMessages":[],"fullName":"testUtils helper functions exported data constants postsData should have correct structure","invocations":1,"location":null,"numPassingAsserts":4,"retryReasons":[],"startAt":1771336584293,"status":"passed","title":"postsData should have correct structure"},{"ancestorTitles":["testUtils helper functions","exported data constants"],"duration":1,"failing":false,"failureDetails":[],"failureMessages":[],"fullName":"testUtils helper functions exported data constants commentsDataNew should have correct structure","invocations":1,"location":null,"numPassingAsserts":2,"retryReasons":[],"startAt":1771336584293,"status":"passed","title":"commentsDataNew should have correct structure"},{"ancestorTitles":["testUtils helper functions","exported data constants"],"duration":0,"failing":false,"failureDetails":[],"failureMessages":[],"fullName":"testUtils helper functions exported data constants singlePostData should have correct structure","invocations":1,"location":null,"numPassingAsserts":2,"retryReasons":[],"startAt":1771336584294,"status":"passed","title":"singlePostData should have correct structure"},{"ancestorTitles":["testUtils helper functions","exported data constants"],"duration":0,"failing":false,"failureDetails":[],"failureMessages":[],"fullName":"testUtils helper functions exported data constants userData should have correct structure","invocations":1,"location":null,"numPassingAsserts":3,"retryReasons":[],"startAt":1771336584295,"status":"passed","title":"userData should have correct structure"}],"endTime":1771336584316,"message":"","name":"C:\\Users\\amity\\Desktop\\מכללה\\פרוייקטים - סמסטר ג\\web-final-project\\server\\src\\tests\\testUtils.test.ts","startTime":1771336582714,"status":"passed","summary":""},{"assertionResults":[{"ancestorTitles":["Comments API","POST /comment/post/:postId"],"duration":12,"failing":false,"failureDetails":[],"failureMessages":[],"fullName":"Comments API POST /comment/post/:postId should create a new comment","invocations":1,"location":null,"numPassingAsserts":4,"retryReasons":[],"startAt":1771336585672,"status":"passed","title":"should create a new comment"},{"ancestorTitles":["Comments API","POST /comment/post/:postId"],"duration":5,"failing":false,"failureDetails":[],"failureMessages":[],"fullName":"Comments API POST /comment/post/:postId should increment post comment count","invocations":1,"location":null,"numPassingAsserts":1,"retryReasons":[],"startAt":1771336585685,"status":"passed","title":"should increment post comment count"},{"ancestorTitles":["Comments API","POST /comment/post/:postId"],"duration":2,"failing":false,"failureDetails":[],"failureMessages":[],"fullName":"Comments API POST /comment/post/:postId should fail without authentication","invocations":1,"location":null,"numPassingAsserts":1,"retryReasons":[],"startAt":1771336585690,"status":"passed","title":"should fail without authentication"},{"ancestorTitles":["Comments API","POST /comment/post/:postId"],"duration":3,"failing":false,"failureDetails":[],"failureMessages":[],"fullName":"Comments API POST /comment/post/:postId should fail without content","invocations":1,"location":null,"numPassingAsserts":1,"retryReasons":[],"startAt":1771336585693,"status":"passed","title":"should fail without content"},{"ancestorTitles":["Comments API","POST /comment/post/:postId"],"duration":4,"failing":false,"failureDetails":[],"failureMessages":[],"fullName":"Comments API POST /comment/post/:postId should fail for non-existent post","invocations":1,"location":null,"numPassingAsserts":1,"retryReasons":[],"startAt":1771336585696,"status":"passed","title":"should fail for non-existent post"},{"ancestorTitles":["Comments API","GET /comment/post/:postId"],"duration":7,"failing":false,"failureDetails":[],"failureMessages":[],"fullName":"Comments API GET /comment/post/:postId should get comments for a post with pagination","invocations":1,"location":null,"numPassingAsserts":5,"retryReasons":[],"startAt":1771336585700,"status":"passed","title":"should get comments for a post with pagination"},{"ancestorTitles":["Comments API","GET /comment/post/:postId"],"duration":4,"failing":false,"failureDetails":[],"failureMessages":[],"fullName":"Comments API GET /comment/post/:postId should return 404 for non-existent post","invocations":1,"location":null,"numPassingAsserts":1,"retryReasons":[],"startAt":1771336585707,"status":"passed","title":"should return 404 for non-existent post"},{"ancestorTitles":["Comments API","GET /comment/:id"],"duration":6,"failing":false,"failureDetails":[],"failureMessages":[],"fullName":"Comments API GET /comment/:id should get a single comment by ID","invocations":1,"location":null,"numPassingAsserts":3,"retryReasons":[],"startAt":1771336585711,"status":"passed","title":"should get a single comment by ID"},{"ancestorTitles":["Comments API","GET /comment/:id"],"duration":3,"failing":false,"failureDetails":[],"failureMessages":[],"fullName":"Comments API GET /comment/:id should return 404 for non-existent comment","invocations":1,"location":null,"numPassingAsserts":1,"retryReasons":[],"startAt":1771336585717,"status":"passed","title":"should return 404 for non-existent comment"},{"ancestorTitles":["Comments API","PUT /comment/:id"],"duration":6,"failing":false,"failureDetails":[],"failureMessages":[],"fullName":"Comments API PUT /comment/:id should update own comment","invocations":1,"location":null,"numPassingAsserts":2,"retryReasons":[],"startAt":1771336585721,"status":"passed","title":"should update own comment"},{"ancestorTitles":["Comments API","PUT /comment/:id"],"duration":2,"failing":false,"failureDetails":[],"failureMessages":[],"fullName":"Comments API PUT /comment/:id should fail without authentication","invocations":1,"location":null,"numPassingAsserts":1,"retryReasons":[],"startAt":1771336585728,"status":"passed","title":"should fail without authentication"},{"ancestorTitles":["Comments API","DELETE /comment/:id"],"duration":17,"failing":false,"failureDetails":[],"failureMessages":[],"fullName":"Comments API DELETE /comment/:id should delete own comment","invocations":1,"location":null,"numPassingAsserts":3,"retryReasons":[],"startAt":1771336585731,"status":"passed","title":"should delete own comment"},{"ancestorTitles":["Comments API","DELETE /comment/:id"],"duration":4,"failing":false,"failureDetails":[],"failureMessages":[],"fullName":"Comments API DELETE /comment/:id should fail to delete non-existent comment","invocations":1,"location":null,"numPassingAsserts":1,"retryReasons":[],"startAt":1771336585749,"status":"passed","title":"should fail to delete non-existent comment"},{"ancestorTitles":["Comments API","DELETE /comment/:id"],"duration":11,"failing":false,"failureDetails":[],"failureMessages":[],"fullName":"Comments API DELETE /comment/:id should fail to delete without authentication","invocations":1,"location":null,"numPassingAsserts":1,"retryReasons":[],"startAt":1771336585753,"status":"passed","title":"should fail to delete without authentication"},{"ancestorTitles":["Comments API","DELETE /comment/:id"],"duration":90,"failing":false,"failureDetails":[],"failureMessages":[],"fullName":"Comments API DELETE /comment/:id should fail to delete another user's comment","invocations":1,"location":null,"numPassingAsserts":2,"retryReasons":[],"startAt":1771336585765,"status":"passed","title":"should fail to delete another user's comment"},{"ancestorTitles":["Comments API","Additional edge cases"],"duration":3,"failing":false,"failureDetails":[],"failureMessages":[],"fullName":"Comments API Additional edge cases should fail to create comment with empty content","invocations":1,"location":null,"numPassingAsserts":1,"retryReasons":[],"startAt":1771336585856,"status":"passed","title":"should fail to create comment with empty content"},{"ancestorTitles":["Comments API","Additional edge cases"],"duration":4,"failing":false,"failureDetails":[],"failureMessages":[],"fullName":"Comments API Additional edge cases should fail to update non-existent comment","invocations":1,"location":null,"numPassingAsserts":1,"retryReasons":[],"startAt":1771336585859,"status":"passed","title":"should fail to update non-existent comment"},{"ancestorTitles":["Comments API","Additional edge cases"],"duration":90,"failing":false,"failureDetails":[],"failureMessages":[],"fullName":"Comments API Additional edge cases should fail to update another user's comment","invocations":1,"location":null,"numPassingAsserts":2,"retryReasons":[],"startAt":1771336585863,"status":"passed","title":"should fail to update another user's comment"},{"ancestorTitles":["Comments API","Additional edge cases"],"duration":49,"failing":false,"failureDetails":[],"failureMessages":[],"fullName":"Comments API Additional edge cases should get comments with pagination limit enforced","invocations":1,"location":null,"numPassingAsserts":3,"retryReasons":[],"startAt":1771336585954,"status":"passed","title":"should get comments with pagination limit enforced"},{"ancestorTitles":["Comments API","Additional edge cases"],"duration":7,"failing":false,"failureDetails":[],"failureMessages":[],"fullName":"Comments API Additional edge cases should respect max limit of 50 for pagination","invocations":1,"location":null,"numPassingAsserts":2,"retryReasons":[],"startAt":1771336586004,"status":"passed","title":"should respect max limit of 50 for pagination"},{"ancestorTitles":["Comments API","Additional edge cases"],"duration":46,"failing":false,"failureDetails":[],"failureMessages":[],"fullName":"Comments API Additional edge cases should get comment by invalid ID format","invocations":1,"location":null,"numPassingAsserts":1,"retryReasons":[],"startAt":1771336586012,"status":"passed","title":"should get comment by invalid ID format"},{"ancestorTitles":["Comments API","Additional edge cases"],"duration":4,"failing":false,"failureDetails":[],"failureMessages":[],"fullName":"Comments API Additional edge cases should handle database error in getCommentsByPost","invocations":1,"location":null,"numPassingAsserts":2,"retryReasons":[],"startAt":1771336586058,"status":"passed","title":"should handle database error in getCommentsByPost"},{"ancestorTitles":["Comments API","Additional edge cases"],"duration":5,"failing":false,"failureDetails":[],"failureMessages":[],"fullName":"Comments API Additional edge cases should handle database error in createComment","invocations":1,"location":null,"numPassingAsserts":2,"retryReasons":[],"startAt":1771336586063,"status":"passed","title":"should handle database error in createComment"},{"ancestorTitles":["Comments API","Additional edge cases"],"duration":3,"failing":false,"failureDetails":[],"failureMessages":[],"fullName":"Comments API Additional edge cases should handle database error in updateComment","invocations":1,"location":null,"numPassingAsserts":2,"retryReasons":[],"startAt":1771336586069,"status":"passed","title":"should handle database error in updateComment"},{"ancestorTitles":["Comments API","Additional edge cases"],"duration":3,"failing":false,"failureDetails":[],"failureMessages":[],"fullName":"Comments API Additional edge cases should handle database error in deleteComment","invocations":1,"location":null,"numPassingAsserts":2,"retryReasons":[],"startAt":1771336586073,"status":"passed","title":"should handle database error in deleteComment"},{"ancestorTitles":["Comment Controller Direct Tests"],"duration":1,"failing":false,"failureDetails":[],"failureMessages":[],"fullName":"Comment Controller Direct Tests createComment without userId returns 401","invocations":1,"location":null,"numPassingAsserts":2,"retryReasons":[],"startAt":1771336586076,"status":"passed","title":"createComment without userId returns 401"},{"ancestorTitles":["Comment Controller Direct Tests"],"duration":1,"failing":false,"failureDetails":[],"failureMessages":[],"fullName":"Comment Controller Direct Tests updateComment without userId returns 401","invocations":1,"location":null,"numPassingAsserts":2,"retryReasons":[],"startAt":1771336586077,"status":"passed","title":"updateComment without userId returns 401"},{"ancestorTitles":["Comment Controller Direct Tests"],"duration":1,"failing":false,"failureDetails":[],"failureMessages":[],"fullName":"Comment Controller Direct Tests deleteComment without userId returns 401","invocations":1,"location":null,"numPassingAsserts":2,"retryReasons":[],"startAt":1771336586078,"status":"passed","title":"deleteComment without userId returns 401"}],"endTime":1771336586104,"message":"","name":"C:\\Users\\amity\\Desktop\\מכללה\\פרוייקטים - סמסטר ג\\web-final-project\\server\\src\\tests\\comments.test.ts","startTime":1771336584325,"status":"passed","summary":""},{"assertionResults":[{"ancestorTitles":["File Tests"],"duration":21,"failing":false,"failureDetails":[],"failureMessages":[],"fullName":"File Tests upload file","invocations":1,"location":null,"numPassingAsserts":2,"retryReasons":[],"startAt":1771336586642,"status":"passed","title":"upload file"}],"endTime":1771336586664,"message":"","name":"C:\\Users\\amity\\Desktop\\מכללה\\פרוייקטים - סמסטר ג\\web-final-project\\server\\src\\tests\\multer.test.ts","startTime":1771336586117,"status":"passed","summary":""},{"assertionResults":[{"ancestorTitles":["pgService"],"duration":3,"failing":false,"failureDetails":[],"failureMessages":[],"fullName":"pgService initPostVectorsTable, upsert, delete, and search work with pool mocks","invocations":1,"location":null,"numPassingAsserts":8,"retryReasons":[],"startAt":1771336586801,"status":"passed","title":"initPostVectorsTable, upsert, delete, and search work with pool mocks"}],"endTime":1771336586805,"message":"","name":"C:\\Users\\amity\\Desktop\\מכללה\\פרוייקטים - סמסטר ג\\web-final-project\\server\\src\\tests\\pgService.test.ts","startTime":1771336586671,"status":"passed","summary":""}],"wasInterrupted":false}
